# JRE version: Java(TM) SE Runtime Environment (21.0.2+13) (build 21.0.2+13-LTS-58)
# Java VM: Java HotSpot(TM) 64-Bit Server VM (21.0.2+13-LTS-58, mixed mode, sharing, tiered, compressed oops, compressed class ptrs, g1 gc, windows-amd64)
GC Precious Log:
 CardTable entry size: 512
 Card Set container configuration: InlinePtr #cards 4 size 8 Array Of Cards #cards 16 size 48 Howl #buckets 8 coarsen threshold 3686 Howl Bitmap #cards 512 size 80 coarsen threshold 460 Card regions per heap region 1 cards per card region 4096
 CPUs: 4 total, 4 available
 Memory: 8025M
 Large Page Support: Disabled
 NUMA Support: Disabled
 Compressed Oops: Enabled (Zero based)
 Heap Region Size: 2M
 Heap Min Capacity: 8M
 Heap Initial Capacity: 126M
 Heap Max Capacity: 4G
 Pre-touch: Disabled
 Parallel Workers: 4
 Concurrent Workers: 1
 Concurrent Refinement Workers: 4
 Periodic GC: Disabled
Heap:
 garbage-first heap   total 90112K, used 60485K [0x0000000700000000, 0x0000000800000000)
  region size 2048K, 12 young (24576K), 2 survivors (4096K)
 Metaspace       used 58347K, committed 60160K, reserved 1114112K
  class space    used 8374K, committed 9280K, reserved 1048576K
GC Heap History (20 events):
Event: 11.101 GC heap before
{Heap before GC invocations=3 (full 0):
 garbage-first heap   total 129024K, used 82792K [0x0000000700000000, 0x0000000800000000)
  region size 2048K, 37 young (75776K), 1 survivors (2048K)
 Metaspace       used 16338K, committed 16832K, reserved 1114112K
  class space    used 2275K, committed 2496K, reserved 1048576K
}
Event: 11.119 GC heap after
{Heap after GC invocations=4 (full 0):
 garbage-first heap   total 129024K, used 20412K [0x0000000700000000, 0x0000000800000000)
  region size 2048K, 5 young (10240K), 5 survivors (10240K)
 Metaspace       used 16338K, committed 16832K, reserved 1114112K
  class space    used 2275K, committed 2496K, reserved 1048576K
}
Event: 13.694 GC heap before
{Heap before GC invocations=4 (full 0):
 garbage-first heap   total 129024K, used 51132K [0x0000000700000000, 0x0000000800000000)
  region size 2048K, 21 young (43008K), 5 survivors (10240K)
 Metaspace       used 20805K, committed 21504K, reserved 1114112K
  class space    used 3051K, committed 3392K, reserved 1048576K
}
Event: 13.715 GC heap after
{Heap after GC invocations=5 (full 0):
 garbage-first heap   total 129024K, used 22944K [0x0000000700000000, 0x0000000800000000)
  region size 2048K, 2 young (4096K), 2 survivors (4096K)
 Metaspace       used 20805K, committed 21504K, reserved 1114112K
  class space    used 3051K, committed 3392K, reserved 1048576K
}
Event: 16.762 GC heap before
{Heap before GC invocations=6 (full 0):
 garbage-first heap   total 90112K, used 72096K [0x0000000700000000, 0x0000000800000000)
  region size 2048K, 26 young (53248K), 2 survivors (4096K)
 Metaspace       used 27226K, committed 28352K, reserved 1114112K
  class space    used 4107K, committed 4672K, reserved 1048576K
}
Event: 16.777 GC heap after
{Heap after GC invocations=7 (full 0):
 garbage-first heap   total 90112K, used 25115K [0x0000000700000000, 0x0000000800000000)
  region size 2048K, 3 young (6144K), 3 survivors (6144K)
 Metaspace       used 27226K, committed 28352K, reserved 1114112K
  class space    used 4107K, committed 4672K, reserved 1048576K
}
Event: 19.236 GC heap before
{Heap before GC invocations=7 (full 0):
 garbage-first heap   total 90112K, used 70171K [0x0000000700000000, 0x0000000800000000)
  region size 2048K, 26 young (53248K), 3 survivors (6144K)
 Metaspace       used 34395K, committed 35648K, reserved 1114112K
  class space    used 4913K, committed 5504K, reserved 1048576K
}
Event: 19.258 GC heap after
{Heap after GC invocations=8 (full 0):
 garbage-first heap   total 90112K, used 31192K [0x0000000700000000, 0x0000000800000000)
  region size 2048K, 4 young (8192K), 4 survivors (8192K)
 Metaspace       used 34395K, committed 35648K, reserved 1114112K
  class space    used 4913K, committed 5504K, reserved 1048576K
}
Event: 19.585 GC heap before
{Heap before GC invocations=8 (full 0):
 garbage-first heap   total 90112K, used 43480K [0x0000000700000000, 0x0000000800000000)
  region size 2048K, 10 young (20480K), 4 survivors (8192K)
 Metaspace       used 34872K, committed 36096K, reserved 1114112K
  class space    used 4949K, committed 5568K, reserved 1048576K
}
Event: 19.602 GC heap after
{Heap after GC invocations=9 (full 0):
 garbage-first heap   total 90112K, used 33204K [0x0000000700000000, 0x0000000800000000)
  region size 2048K, 1 young (2048K), 1 survivors (2048K)
 Metaspace       used 34872K, committed 36096K, reserved 1114112K
  class space    used 4949K, committed 5568K, reserved 1048576K
}
Event: 21.987 GC heap before
{Heap before GC invocations=10 (full 0):
 garbage-first heap   total 90112K, used 76212K [0x0000000700000000, 0x0000000800000000)
  region size 2048K, 22 young (45056K), 1 survivors (2048K)
 Metaspace       used 38061K, committed 39488K, reserved 1114112K
  class space    used 5380K, committed 6080K, reserved 1048576K
}
Event: 22.002 GC heap after
{Heap after GC invocations=11 (full 0):
 garbage-first heap   total 90112K, used 34544K [0x0000000700000000, 0x0000000800000000)
  region size 2048K, 3 young (6144K), 3 survivors (6144K)
 Metaspace       used 38061K, committed 39488K, reserved 1114112K
  class space    used 5380K, committed 6080K, reserved 1048576K
}
Event: 24.313 GC heap before
{Heap before GC invocations=11 (full 0):
 garbage-first heap   total 90112K, used 73456K [0x0000000700000000, 0x0000000800000000)
  region size 2048K, 23 young (47104K), 3 survivors (6144K)
 Metaspace       used 42706K, committed 44160K, reserved 1114112K
  class space    used 6079K, committed 6784K, reserved 1048576K
}
Event: 24.333 GC heap after
{Heap after GC invocations=12 (full 0):
 garbage-first heap   total 90112K, used 36797K [0x0000000700000000, 0x0000000800000000)
  region size 2048K, 2 young (4096K), 2 survivors (4096K)
 Metaspace       used 42706K, committed 44160K, reserved 1114112K
  class space    used 6079K, committed 6784K, reserved 1048576K
}
Event: 26.991 GC heap before
{Heap before GC invocations=12 (full 0):
 garbage-first heap   total 90112K, used 77757K [0x0000000700000000, 0x0000000800000000)
  region size 2048K, 22 young (45056K), 2 survivors (4096K)
 Metaspace       used 47988K, committed 49664K, reserved 1114112K
  class space    used 6887K, committed 7744K, reserved 1048576K
}
Event: 27.006 GC heap after
{Heap after GC invocations=13 (full 0):
 garbage-first heap   total 90112K, used 38587K [0x0000000700000000, 0x0000000800000000)
  region size 2048K, 3 young (6144K), 3 survivors (6144K)
 Metaspace       used 47988K, committed 49664K, reserved 1114112K
  class space    used 6887K, committed 7744K, reserved 1048576K
}
Event: 29.617 GC heap before
{Heap before GC invocations=13 (full 0):
 garbage-first heap   total 90112K, used 75451K [0x0000000700000000, 0x0000000800000000)
  region size 2048K, 21 young (43008K), 3 survivors (6144K)
 Metaspace       used 52116K, committed 53888K, reserved 1114112K
  class space    used 7488K, committed 8384K, reserved 1048576K
}
Event: 29.633 GC heap after
{Heap after GC invocations=14 (full 0):
 garbage-first heap   total 90112K, used 40283K [0x0000000700000000, 0x0000000800000000)
  region size 2048K, 2 young (4096K), 2 survivors (4096K)
 Metaspace       used 52116K, committed 53888K, reserved 1114112K
  class space    used 7488K, committed 8384K, reserved 1048576K
}
Event: 32.018 GC heap before
{Heap before GC invocations=14 (full 0):
 garbage-first heap   total 90112K, used 79195K [0x0000000700000000, 0x0000000800000000)
  region size 2048K, 21 young (43008K), 2 survivors (4096K)
 Metaspace       used 56273K, committed 58112K, reserved 1114112K
  class space    used 8021K, committed 8960K, reserved 1048576K
}
Event: 32.031 GC heap after
{Heap after GC invocations=15 (full 0):
 garbage-first heap   total 90112K, used 42053K [0x0000000700000000, 0x0000000800000000)
  region size 2048K, 2 young (4096K), 2 survivors (4096K)
 Metaspace       used 56273K, committed 58112K, reserved 1114112K
  class space    used 8021K, committed 8960K, reserved 1048576K
}

